Determining if the pthread_create exist failed with the following output:
Change Dir: /home/cpss/caffe/zhong/caffe_zhong/video2image/diff/CMakeFiles/CMakeTmp

Run Build Command:"/usr/bin/make" "cmTC_225a9/fast"
/usr/bin/make -f CMakeFiles/cmTC_225a9.dir/build.make CMakeFiles/cmTC_225a9.dir/build
make[1]: Entering directory '/home/cpss/caffe/zhong/caffe_zhong/video2image/diff/CMakeFiles/CMakeTmp'
Building C object CMakeFiles/cmTC_225a9.dir/CheckSymbolExists.c.o
/usr/bin/cc   -fPIC    -o CMakeFiles/cmTC_225a9.dir/CheckSymbolExists.c.o   -c /home/cpss/caffe/zhong/caffe_zhong/video2image/diff/CMakeFiles/CMakeTmp/CheckSymbolExists.c
Linking C executable cmTC_225a9
/home/cpss/anaconda2/bin/cmake -E cmake_link_script CMakeFiles/cmTC_225a9.dir/link.txt --verbose=1
/usr/bin/cc -fPIC     -rdynamic CMakeFiles/cmTC_225a9.dir/CheckSymbolExists.c.o  -o cmTC_225a9 
CMakeFiles/cmTC_225a9.dir/CheckSymbolExists.c.o: In function `main':
CheckSymbolExists.c:(.text+0x1b): undefined reference to `pthread_create'
collect2: error: ld returned 1 exit status
CMakeFiles/cmTC_225a9.dir/build.make:97: recipe for target 'cmTC_225a9' failed
make[1]: *** [cmTC_225a9] Error 1
make[1]: Leaving directory '/home/cpss/caffe/zhong/caffe_zhong/video2image/diff/CMakeFiles/CMakeTmp'
Makefile:126: recipe for target 'cmTC_225a9/fast' failed
make: *** [cmTC_225a9/fast] Error 2

File /home/cpss/caffe/zhong/caffe_zhong/video2image/diff/CMakeFiles/CMakeTmp/CheckSymbolExists.c:
/* */
#include <pthread.h>

int main(int argc, char** argv)
{
  (void)argv;
#ifndef pthread_create
  return ((int*)(&pthread_create))[argc];
#else
  (void)argc;
  return 0;
#endif
}

Determining if the function pthread_create exists in the pthreads failed with the following output:
Change Dir: /home/cpss/caffe/zhong/caffe_zhong/video2image/diff/CMakeFiles/CMakeTmp

Run Build Command:"/usr/bin/make" "cmTC_667c4/fast"
/usr/bin/make -f CMakeFiles/cmTC_667c4.dir/build.make CMakeFiles/cmTC_667c4.dir/build
make[1]: Entering directory '/home/cpss/caffe/zhong/caffe_zhong/video2image/diff/CMakeFiles/CMakeTmp'
Building C object CMakeFiles/cmTC_667c4.dir/CheckFunctionExists.c.o
/usr/bin/cc   -fPIC -DCHECK_FUNCTION_EXISTS=pthread_create   -o CMakeFiles/cmTC_667c4.dir/CheckFunctionExists.c.o   -c /home/cpss/anaconda2/share/cmake-3.9/Modules/CheckFunctionExists.c
Linking C executable cmTC_667c4
/home/cpss/anaconda2/bin/cmake -E cmake_link_script CMakeFiles/cmTC_667c4.dir/link.txt --verbose=1
/usr/bin/cc -fPIC -DCHECK_FUNCTION_EXISTS=pthread_create    -rdynamic CMakeFiles/cmTC_667c4.dir/CheckFunctionExists.c.o  -o cmTC_667c4 -lpthreads 
/usr/bin/ld: cannot find -lpthreads
collect2: error: ld returned 1 exit status
CMakeFiles/cmTC_667c4.dir/build.make:97: recipe for target 'cmTC_667c4' failed
make[1]: *** [cmTC_667c4] Error 1
make[1]: Leaving directory '/home/cpss/caffe/zhong/caffe_zhong/video2image/diff/CMakeFiles/CMakeTmp'
Makefile:126: recipe for target 'cmTC_667c4/fast' failed
make: *** [cmTC_667c4/fast] Error 2


