Determining if the pthread_create exist failed with the following output:
Change Dir: /home/cpss/caffe/zhong/caffe_zhong/video2image/flow_color/CMakeFiles/CMakeTmp

Run Build Command:"/usr/bin/make" "cmTC_40a7e/fast"
/usr/bin/make -f CMakeFiles/cmTC_40a7e.dir/build.make CMakeFiles/cmTC_40a7e.dir/build
make[1]: Entering directory '/home/cpss/caffe/zhong/caffe_zhong/video2image/flow_color/CMakeFiles/CMakeTmp'
Building C object CMakeFiles/cmTC_40a7e.dir/CheckSymbolExists.c.o
/usr/bin/cc   -fPIC    -o CMakeFiles/cmTC_40a7e.dir/CheckSymbolExists.c.o   -c /home/cpss/caffe/zhong/caffe_zhong/video2image/flow_color/CMakeFiles/CMakeTmp/CheckSymbolExists.c
Linking C executable cmTC_40a7e
/home/cpss/anaconda2/bin/cmake -E cmake_link_script CMakeFiles/cmTC_40a7e.dir/link.txt --verbose=1
/usr/bin/cc -fPIC     -rdynamic CMakeFiles/cmTC_40a7e.dir/CheckSymbolExists.c.o  -o cmTC_40a7e 
CMakeFiles/cmTC_40a7e.dir/CheckSymbolExists.c.o: In function `main':
CheckSymbolExists.c:(.text+0x1b): undefined reference to `pthread_create'
collect2: error: ld returned 1 exit status
CMakeFiles/cmTC_40a7e.dir/build.make:97: recipe for target 'cmTC_40a7e' failed
make[1]: *** [cmTC_40a7e] Error 1
make[1]: Leaving directory '/home/cpss/caffe/zhong/caffe_zhong/video2image/flow_color/CMakeFiles/CMakeTmp'
Makefile:126: recipe for target 'cmTC_40a7e/fast' failed
make: *** [cmTC_40a7e/fast] Error 2

File /home/cpss/caffe/zhong/caffe_zhong/video2image/flow_color/CMakeFiles/CMakeTmp/CheckSymbolExists.c:
/* */
#include <pthread.h>

int main(int argc, char** argv)
{
  (void)argv;
#ifndef pthread_create
  return ((int*)(&pthread_create))[argc];
#else
  (void)argc;
  return 0;
#endif
}

Determining if the function pthread_create exists in the pthreads failed with the following output:
Change Dir: /home/cpss/caffe/zhong/caffe_zhong/video2image/flow_color/CMakeFiles/CMakeTmp

Run Build Command:"/usr/bin/make" "cmTC_fd1b1/fast"
/usr/bin/make -f CMakeFiles/cmTC_fd1b1.dir/build.make CMakeFiles/cmTC_fd1b1.dir/build
make[1]: Entering directory '/home/cpss/caffe/zhong/caffe_zhong/video2image/flow_color/CMakeFiles/CMakeTmp'
Building C object CMakeFiles/cmTC_fd1b1.dir/CheckFunctionExists.c.o
/usr/bin/cc   -fPIC -DCHECK_FUNCTION_EXISTS=pthread_create   -o CMakeFiles/cmTC_fd1b1.dir/CheckFunctionExists.c.o   -c /home/cpss/anaconda2/share/cmake-3.9/Modules/CheckFunctionExists.c
Linking C executable cmTC_fd1b1
/home/cpss/anaconda2/bin/cmake -E cmake_link_script CMakeFiles/cmTC_fd1b1.dir/link.txt --verbose=1
/usr/bin/cc -fPIC -DCHECK_FUNCTION_EXISTS=pthread_create    -rdynamic CMakeFiles/cmTC_fd1b1.dir/CheckFunctionExists.c.o  -o cmTC_fd1b1 -lpthreads 
/usr/bin/ld: cannot find -lpthreads
collect2: error: ld returned 1 exit status
CMakeFiles/cmTC_fd1b1.dir/build.make:97: recipe for target 'cmTC_fd1b1' failed
make[1]: *** [cmTC_fd1b1] Error 1
make[1]: Leaving directory '/home/cpss/caffe/zhong/caffe_zhong/video2image/flow_color/CMakeFiles/CMakeTmp'
Makefile:126: recipe for target 'cmTC_fd1b1/fast' failed
make: *** [cmTC_fd1b1/fast] Error 2


Determining if the pthread_create exist failed with the following output:
Change Dir: /home/cpss/caffe/zhong/caffe_zhong/video2image/flow_color/CMakeFiles/CMakeTmp

Run Build Command:"/usr/bin/make" "cmTC_b3170/fast"
/usr/bin/make -f CMakeFiles/cmTC_b3170.dir/build.make CMakeFiles/cmTC_b3170.dir/build
make[1]: Entering directory '/home/cpss/caffe/zhong/caffe_zhong/video2image/flow_color/CMakeFiles/CMakeTmp'
Building C object CMakeFiles/cmTC_b3170.dir/CheckSymbolExists.c.o
/usr/bin/cc   -fPIC    -o CMakeFiles/cmTC_b3170.dir/CheckSymbolExists.c.o   -c /home/cpss/caffe/zhong/caffe_zhong/video2image/flow_color/CMakeFiles/CMakeTmp/CheckSymbolExists.c
Linking C executable cmTC_b3170
/home/cpss/anaconda2/bin/cmake -E cmake_link_script CMakeFiles/cmTC_b3170.dir/link.txt --verbose=1
/usr/bin/cc -fPIC     -rdynamic CMakeFiles/cmTC_b3170.dir/CheckSymbolExists.c.o  -o cmTC_b3170 
CMakeFiles/cmTC_b3170.dir/CheckSymbolExists.c.o: In function `main':
CheckSymbolExists.c:(.text+0x1b): undefined reference to `pthread_create'
collect2: error: ld returned 1 exit status
CMakeFiles/cmTC_b3170.dir/build.make:97: recipe for target 'cmTC_b3170' failed
make[1]: *** [cmTC_b3170] Error 1
make[1]: Leaving directory '/home/cpss/caffe/zhong/caffe_zhong/video2image/flow_color/CMakeFiles/CMakeTmp'
Makefile:126: recipe for target 'cmTC_b3170/fast' failed
make: *** [cmTC_b3170/fast] Error 2

File /home/cpss/caffe/zhong/caffe_zhong/video2image/flow_color/CMakeFiles/CMakeTmp/CheckSymbolExists.c:
/* */
#include <pthread.h>

int main(int argc, char** argv)
{
  (void)argv;
#ifndef pthread_create
  return ((int*)(&pthread_create))[argc];
#else
  (void)argc;
  return 0;
#endif
}

Determining if the function pthread_create exists in the pthreads failed with the following output:
Change Dir: /home/cpss/caffe/zhong/caffe_zhong/video2image/flow_color/CMakeFiles/CMakeTmp

Run Build Command:"/usr/bin/make" "cmTC_b6903/fast"
/usr/bin/make -f CMakeFiles/cmTC_b6903.dir/build.make CMakeFiles/cmTC_b6903.dir/build
make[1]: Entering directory '/home/cpss/caffe/zhong/caffe_zhong/video2image/flow_color/CMakeFiles/CMakeTmp'
Building C object CMakeFiles/cmTC_b6903.dir/CheckFunctionExists.c.o
/usr/bin/cc   -fPIC -DCHECK_FUNCTION_EXISTS=pthread_create   -o CMakeFiles/cmTC_b6903.dir/CheckFunctionExists.c.o   -c /home/cpss/anaconda2/share/cmake-3.9/Modules/CheckFunctionExists.c
Linking C executable cmTC_b6903
/home/cpss/anaconda2/bin/cmake -E cmake_link_script CMakeFiles/cmTC_b6903.dir/link.txt --verbose=1
/usr/bin/cc -fPIC -DCHECK_FUNCTION_EXISTS=pthread_create    -rdynamic CMakeFiles/cmTC_b6903.dir/CheckFunctionExists.c.o  -o cmTC_b6903 -lpthreads 
/usr/bin/ld: cannot find -lpthreads
collect2: error: ld returned 1 exit status
CMakeFiles/cmTC_b6903.dir/build.make:97: recipe for target 'cmTC_b6903' failed
make[1]: *** [cmTC_b6903] Error 1
make[1]: Leaving directory '/home/cpss/caffe/zhong/caffe_zhong/video2image/flow_color/CMakeFiles/CMakeTmp'
Makefile:126: recipe for target 'cmTC_b6903/fast' failed
make: *** [cmTC_b6903/fast] Error 2


Determining if the pthread_create exist failed with the following output:
Change Dir: /home/cpss/caffe/zhong/caffe_zhong/video2image/flow_color/CMakeFiles/CMakeTmp

Run Build Command:"/usr/bin/make" "cmTC_b77a8/fast"
/usr/bin/make -f CMakeFiles/cmTC_b77a8.dir/build.make CMakeFiles/cmTC_b77a8.dir/build
make[1]: Entering directory '/home/cpss/caffe/zhong/caffe_zhong/video2image/flow_color/CMakeFiles/CMakeTmp'
Building C object CMakeFiles/cmTC_b77a8.dir/CheckSymbolExists.c.o
/usr/bin/cc   -fPIC    -o CMakeFiles/cmTC_b77a8.dir/CheckSymbolExists.c.o   -c /home/cpss/caffe/zhong/caffe_zhong/video2image/flow_color/CMakeFiles/CMakeTmp/CheckSymbolExists.c
Linking C executable cmTC_b77a8
/home/cpss/anaconda2/bin/cmake -E cmake_link_script CMakeFiles/cmTC_b77a8.dir/link.txt --verbose=1
/usr/bin/cc -fPIC     -rdynamic CMakeFiles/cmTC_b77a8.dir/CheckSymbolExists.c.o  -o cmTC_b77a8 
CMakeFiles/cmTC_b77a8.dir/CheckSymbolExists.c.o: In function `main':
CheckSymbolExists.c:(.text+0x1b): undefined reference to `pthread_create'
collect2: error: ld returned 1 exit status
CMakeFiles/cmTC_b77a8.dir/build.make:97: recipe for target 'cmTC_b77a8' failed
make[1]: *** [cmTC_b77a8] Error 1
make[1]: Leaving directory '/home/cpss/caffe/zhong/caffe_zhong/video2image/flow_color/CMakeFiles/CMakeTmp'
Makefile:126: recipe for target 'cmTC_b77a8/fast' failed
make: *** [cmTC_b77a8/fast] Error 2

File /home/cpss/caffe/zhong/caffe_zhong/video2image/flow_color/CMakeFiles/CMakeTmp/CheckSymbolExists.c:
/* */
#include <pthread.h>

int main(int argc, char** argv)
{
  (void)argv;
#ifndef pthread_create
  return ((int*)(&pthread_create))[argc];
#else
  (void)argc;
  return 0;
#endif
}

Determining if the function pthread_create exists in the pthreads failed with the following output:
Change Dir: /home/cpss/caffe/zhong/caffe_zhong/video2image/flow_color/CMakeFiles/CMakeTmp

Run Build Command:"/usr/bin/make" "cmTC_b6e46/fast"
/usr/bin/make -f CMakeFiles/cmTC_b6e46.dir/build.make CMakeFiles/cmTC_b6e46.dir/build
make[1]: Entering directory '/home/cpss/caffe/zhong/caffe_zhong/video2image/flow_color/CMakeFiles/CMakeTmp'
Building C object CMakeFiles/cmTC_b6e46.dir/CheckFunctionExists.c.o
/usr/bin/cc   -fPIC -DCHECK_FUNCTION_EXISTS=pthread_create   -o CMakeFiles/cmTC_b6e46.dir/CheckFunctionExists.c.o   -c /home/cpss/anaconda2/share/cmake-3.9/Modules/CheckFunctionExists.c
Linking C executable cmTC_b6e46
/home/cpss/anaconda2/bin/cmake -E cmake_link_script CMakeFiles/cmTC_b6e46.dir/link.txt --verbose=1
/usr/bin/cc -fPIC -DCHECK_FUNCTION_EXISTS=pthread_create    -rdynamic CMakeFiles/cmTC_b6e46.dir/CheckFunctionExists.c.o  -o cmTC_b6e46 -lpthreads 
/usr/bin/ld: cannot find -lpthreads
collect2: error: ld returned 1 exit status
CMakeFiles/cmTC_b6e46.dir/build.make:97: recipe for target 'cmTC_b6e46' failed
make[1]: *** [cmTC_b6e46] Error 1
make[1]: Leaving directory '/home/cpss/caffe/zhong/caffe_zhong/video2image/flow_color/CMakeFiles/CMakeTmp'
Makefile:126: recipe for target 'cmTC_b6e46/fast' failed
make: *** [cmTC_b6e46/fast] Error 2


