Determining if the pthread_create exist failed with the following output:
Change Dir: /home/cpss/caffe/zhong/caffe_zhong/video2image/rgb/CMakeFiles/CMakeTmp

Run Build Command:"/usr/bin/make" "cmTC_ee300/fast"
/usr/bin/make -f CMakeFiles/cmTC_ee300.dir/build.make CMakeFiles/cmTC_ee300.dir/build
make[1]: Entering directory '/home/cpss/caffe/zhong/caffe_zhong/video2image/rgb/CMakeFiles/CMakeTmp'
Building C object CMakeFiles/cmTC_ee300.dir/CheckSymbolExists.c.o
/usr/bin/cc   -fPIC    -o CMakeFiles/cmTC_ee300.dir/CheckSymbolExists.c.o   -c /home/cpss/caffe/zhong/caffe_zhong/video2image/rgb/CMakeFiles/CMakeTmp/CheckSymbolExists.c
Linking C executable cmTC_ee300
/home/cpss/anaconda2/bin/cmake -E cmake_link_script CMakeFiles/cmTC_ee300.dir/link.txt --verbose=1
/usr/bin/cc -fPIC     -rdynamic CMakeFiles/cmTC_ee300.dir/CheckSymbolExists.c.o  -o cmTC_ee300 
CMakeFiles/cmTC_ee300.dir/CheckSymbolExists.c.o: In function `main':
CheckSymbolExists.c:(.text+0x1b): undefined reference to `pthread_create'
collect2: error: ld returned 1 exit status
CMakeFiles/cmTC_ee300.dir/build.make:97: recipe for target 'cmTC_ee300' failed
make[1]: *** [cmTC_ee300] Error 1
make[1]: Leaving directory '/home/cpss/caffe/zhong/caffe_zhong/video2image/rgb/CMakeFiles/CMakeTmp'
Makefile:126: recipe for target 'cmTC_ee300/fast' failed
make: *** [cmTC_ee300/fast] Error 2

File /home/cpss/caffe/zhong/caffe_zhong/video2image/rgb/CMakeFiles/CMakeTmp/CheckSymbolExists.c:
/* */
#include <pthread.h>

int main(int argc, char** argv)
{
  (void)argv;
#ifndef pthread_create
  return ((int*)(&pthread_create))[argc];
#else
  (void)argc;
  return 0;
#endif
}

Determining if the function pthread_create exists in the pthreads failed with the following output:
Change Dir: /home/cpss/caffe/zhong/caffe_zhong/video2image/rgb/CMakeFiles/CMakeTmp

Run Build Command:"/usr/bin/make" "cmTC_2c73a/fast"
/usr/bin/make -f CMakeFiles/cmTC_2c73a.dir/build.make CMakeFiles/cmTC_2c73a.dir/build
make[1]: Entering directory '/home/cpss/caffe/zhong/caffe_zhong/video2image/rgb/CMakeFiles/CMakeTmp'
Building C object CMakeFiles/cmTC_2c73a.dir/CheckFunctionExists.c.o
/usr/bin/cc   -fPIC -DCHECK_FUNCTION_EXISTS=pthread_create   -o CMakeFiles/cmTC_2c73a.dir/CheckFunctionExists.c.o   -c /home/cpss/anaconda2/share/cmake-3.9/Modules/CheckFunctionExists.c
Linking C executable cmTC_2c73a
/home/cpss/anaconda2/bin/cmake -E cmake_link_script CMakeFiles/cmTC_2c73a.dir/link.txt --verbose=1
/usr/bin/cc -fPIC -DCHECK_FUNCTION_EXISTS=pthread_create    -rdynamic CMakeFiles/cmTC_2c73a.dir/CheckFunctionExists.c.o  -o cmTC_2c73a -lpthreads 
/usr/bin/ld: cannot find -lpthreads
collect2: error: ld returned 1 exit status
CMakeFiles/cmTC_2c73a.dir/build.make:97: recipe for target 'cmTC_2c73a' failed
make[1]: *** [cmTC_2c73a] Error 1
make[1]: Leaving directory '/home/cpss/caffe/zhong/caffe_zhong/video2image/rgb/CMakeFiles/CMakeTmp'
Makefile:126: recipe for target 'cmTC_2c73a/fast' failed
make: *** [cmTC_2c73a/fast] Error 2


